Arguments: 
  C:\Program Files\nodejs\node.exe C:\Program Files (x86)\Yarn\bin\yarn.js

PATH: 
  C:\Users\ACER\Desktop\youtube\node_modules\.bin;C:\Program Files (x86)\Common Files\Oracle\Java\javapath;C:\Windows\system32;C:\Windows;C:\Windows\System32\Wbem;C:\Windows\System32\WindowsPowerShell\v1.0\;C:\Windows\System32\OpenSSH\;C:\Program Files (x86)\NVIDIA Corporation\PhysX\Common;C:\Program Files\Git\cmd;C:\MinGW\bin;C:\Program Files\PuTTY\;C:\WINDOWS\system32;C:\WINDOWS;C:\WINDOWS\System32\Wbem;C:\WINDOWS\System32\WindowsPowerShell\v1.0\;C:\WINDOWS\System32\OpenSSH\;C:\Go\bin;C:\Program Files (x86)\Yarn\bin\;C:\Program Files\nodejs\;C:\Users\ACER\AppData\Local\Microsoft\WindowsApps;C:\Modeltech_pe_edu_10.4a\win32pe_edu;C:\Exercism;C:\Users\ACER\go\bin;C:\Program Files\heroku\bin;C:\Users\ACER\AppData\Local\Yarn\bin;C:\Users\ACER\AppData\Local\Programs\Microsoft VS Code\bin;C:\Users\ACER\AppData\Local\Google\Cloud SDK\google-cloud-sdk\bin;C:\Users\ACER\AppData\Roaming\npm;C:\Program Files\JetBrains\WebStorm 2020.3\bin;

Yarn version: 
  1.21.1

Node version: 
  14.15.3

Platform: 
  win32 x64

Trace: 
  SyntaxError: C:\Users\ACER\Desktop\youtube\package.json: Unexpected token } in JSON at position 1229
      at JSON.parse (<anonymous>)
      at C:\Program Files (x86)\Yarn\lib\cli.js:1625:59
      at Generator.next (<anonymous>)
      at step (C:\Program Files (x86)\Yarn\lib\cli.js:310:30)
      at C:\Program Files (x86)\Yarn\lib\cli.js:321:13

npm manifest: 
  {
    "name": "youtube-ms",
    "version": "1.0.0",
    "main": "server.js",
    "license": "MIT",
    "keywords": [],
    "author": "CHAARI",
    "scripts": {
      "clean": "rimraf ./dist/*",
      "build": "npm run clean && rollup -c",
      "start": "node dist/bundle.js",
      "dev": "nodemon --exec babel-node src/server.js",
      "eslint:lint": "./node_modules/.bin/eslint src --fix",
      "precommit": "lint-staged --debug"
    },
    "devDependencies": {
      "@babel/cli": "^7.0.0",
      "@babel/core": "^7.2.2",
      "@babel/node": "^7.2.2",
      "@babel/preset-env": "^7.2.3",
      "babel-plugin-module-resolver": "^4.0.0",
      "babel-eslint": "^10.0.3",
      "babel-jest": "^24.9.0",
      "eslint": "^6.7.2",
      "eslint-config-airbnb-base": "^14.0.0",
      "eslint-import-resolver-babel-module": "^5.1.2",
      "eslint-plugin-module-resolver": "^0.17.0",
      "eslint-config-prettier": "^6.7.0",
      "eslint-plugin-import": "^2.18.2",
      "eslint-plugin-prettier": "^3.1.1",
      "husky": "^3.1.0",
      "lint-staged": "^9.5.0",
      "nodemon": "^1.18.9",
      "prettier": "^1.19.1",
      "rimraf": "^2.6.2",
      "rollup": "^1.9.0",
      "rollup-plugin-babel": "^4.3.3",
      "rollup-plugin-commonjs": "^10.1.0",
      "rollup-plugin-node-resolve": "^3.3.0",
    },
    "dependencies": {
      "axios": "^0.19.2",
      "babel-core": "7.0.0-bridge.0",
      "body-parser": "^1.19.0",
      "cors": "^2.8.5",
      "dotenv": "^6.2.0",
      "express": "^4.17.1",
      "lodash": "^4.17.15",
      "moment": "^2.24.0",
      "mongoose": "^5.7.13",
    }
  }

yarn manifest: 
  No manifest

Lockfile: 
  No lockfile
